<?xml version="1.0" encoding="UTF-8"?>
<!-- Generated by org.testng.reporters.JUnitReportReporter -->
<testsuite hostname="Yuvi" failures="0" tests="7" name="com.filpkart.testscenarios.PlaceOrder" time="16.654" errors="0" timestamp="2022-07-08T09:53:15 IST" skipped="0">
  <testcase classname="com.filpkart.testscenarios.PlaceOrder" name="placeOrderTest" time="0.001"/>
  <system-out/>
  <testcase classname="com.filpkart.testscenarios.PlaceOrder" name="makePayment" time="0.003"/>
  <system-out/>
  <testcase classname="com.filpkart.testscenarios.PlaceOrder" name="logoutTest" time="0.010"/>
  <system-out/>
  <testcase classname="com.filpkart.testscenarios.PlaceOrder" name="loginTest" time="8.069"/>
  <system-out/>
  <testcase classname="com.filpkart.testscenarios.PlaceOrder" name="seachProductTest" time="3.084"/>
  <system-out/>
  <testcase classname="com.filpkart.testscenarios.PlaceOrder" name="selectProductTest" time="1.304"/>
  <system-out/>
  <testcase classname="com.filpkart.testscenarios.PlaceOrder" name="addToCartTest" time="4.183"/>
  <system-out/>
</testsuite> <!-- com.filpkart.testscenarios.PlaceOrder -->
